[INFO] [2017-02-20 11:20:49][org.springframework.beans.factory.xml.XmlBeanDefinitionReader]Loading XML bean definitions from class path resource [spring-mybatis.xml]
[INFO] [2017-02-20 11:20:49][org.springframework.context.support.GenericApplicationContext]Refreshing org.springframework.context.support.GenericApplicationContext@1bce4f0a: startup date [Mon Feb 20 11:20:49 CST 2017]; root of context hierarchy
[INFO] [2017-02-20 11:20:49][org.springframework.beans.factory.config.PropertyPlaceholderConfigurer]Loading properties file from class path resource [jdbc.properties]
[INFO] [2017-02-20 11:20:49][org.springframework.beans.factory.annotation.AutowiredAnnotationBeanPostProcessor]JSR-330 'javax.inject.Inject' annotation found and supported for autowiring
[INFO] [2017-02-20 11:20:50][WebShop.ShopServer.TestMyBatis]{"age":24,"id":1,"password":"sfasgfaf","userName":"≤‚ ‘"}
[INFO] [2017-02-20 11:20:50][org.springframework.context.support.GenericApplicationContext]Closing org.springframework.context.support.GenericApplicationContext@1bce4f0a: startup date [Mon Feb 20 11:20:49 CST 2017]; root of context hierarchy
[INFO] [2017-02-20 11:24:40][org.springframework.beans.factory.xml.XmlBeanDefinitionReader]Loading XML bean definitions from class path resource [spring-mybatis.xml]
[INFO] [2017-02-20 11:24:41][org.springframework.context.support.GenericApplicationContext]Refreshing org.springframework.context.support.GenericApplicationContext@1bce4f0a: startup date [Mon Feb 20 11:24:41 CST 2017]; root of context hierarchy
[INFO] [2017-02-20 11:24:41][org.springframework.beans.factory.config.PropertyPlaceholderConfigurer]Loading properties file from class path resource [jdbc.properties]
[INFO] [2017-02-20 11:24:41][org.springframework.beans.factory.annotation.AutowiredAnnotationBeanPostProcessor]JSR-330 'javax.inject.Inject' annotation found and supported for autowiring
[INFO] [2017-02-20 11:24:42][WebShop.ShopServer.TestMyBatis]{"age":24,"id":1,"password":"sfasgfaf","userName":"≤‚ ‘"}
[INFO] [2017-02-20 11:24:42][org.springframework.context.support.GenericApplicationContext]Closing org.springframework.context.support.GenericApplicationContext@1bce4f0a: startup date [Mon Feb 20 11:24:41 CST 2017]; root of context hierarchy
[INFO] [2017-02-20 11:27:06][org.springframework.beans.factory.xml.XmlBeanDefinitionReader]Loading XML bean definitions from class path resource [spring-mybatis.xml]
[INFO] [2017-02-20 11:27:06][org.springframework.context.support.GenericApplicationContext]Refreshing org.springframework.context.support.GenericApplicationContext@1bce4f0a: startup date [Mon Feb 20 11:27:06 CST 2017]; root of context hierarchy
[INFO] [2017-02-20 11:27:06][org.springframework.beans.factory.config.PropertyPlaceholderConfigurer]Loading properties file from class path resource [jdbc.properties]
[INFO] [2017-02-20 11:27:06][org.springframework.beans.factory.annotation.AutowiredAnnotationBeanPostProcessor]JSR-330 'javax.inject.Inject' annotation found and supported for autowiring
[INFO] [2017-02-20 11:27:07][WebShop.ShopServer.TestMyBatis]{"age":24,"id":1,"password":"sfasgfaf","userName":"≤‚ ‘"}
[INFO] [2017-02-20 11:27:07][org.springframework.context.support.GenericApplicationContext]Closing org.springframework.context.support.GenericApplicationContext@1bce4f0a: startup date [Mon Feb 20 11:27:06 CST 2017]; root of context hierarchy
[INFO] [2017-02-20 11:28:41][org.springframework.beans.factory.xml.XmlBeanDefinitionReader]Loading XML bean definitions from class path resource [spring-mybatis.xml]
[INFO] [2017-02-20 11:28:41][org.springframework.context.support.GenericApplicationContext]Refreshing org.springframework.context.support.GenericApplicationContext@1bce4f0a: startup date [Mon Feb 20 11:28:41 CST 2017]; root of context hierarchy
[INFO] [2017-02-20 11:28:41][org.springframework.beans.factory.config.PropertyPlaceholderConfigurer]Loading properties file from class path resource [jdbc.properties]
[INFO] [2017-02-20 11:28:41][org.springframework.beans.factory.annotation.AutowiredAnnotationBeanPostProcessor]JSR-330 'javax.inject.Inject' annotation found and supported for autowiring
[INFO] [2017-02-20 11:28:42][WebShop.ShopServer.TestMyBatis]{"age":24,"id":1,"password":"sfasgfaf","userName":"≤‚ ‘"}
[INFO] [2017-02-20 11:28:42][org.springframework.context.support.GenericApplicationContext]Closing org.springframework.context.support.GenericApplicationContext@1bce4f0a: startup date [Mon Feb 20 11:28:41 CST 2017]; root of context hierarchy
